The system is: Linux - 3.16.0-25-generic - x86_64
Compiling the C compiler identification source file "CMakeCCompilerId.c" succeeded.
Compiler: /usr/bin/clang 
Build flags: 
Id flags: 

The output was:
0


Compilation of the C compiler identification source "CMakeCCompilerId.c" produced "a.out"

The C compiler identification is Clang, found in "/home/parttimenerd/Code/lang/vm/build/CMakeFiles/2.8.12.2/CompilerIdC/a.out"

Compiling the CXX compiler identification source file "CMakeCXXCompilerId.cpp" succeeded.
Compiler: /usr/bin/clang++ 
Build flags: 
Id flags: 

The output was:
0


Compilation of the CXX compiler identification source "CMakeCXXCompilerId.cpp" produced "a.out"

The CXX compiler identification is Clang, found in "/home/parttimenerd/Code/lang/vm/build/CMakeFiles/2.8.12.2/CompilerIdCXX/a.out"

Determining if the C compiler works passed with the following output:
Change Dir: /home/parttimenerd/Code/lang/vm/build/CMakeFiles/CMakeTmp

Run Build Command:/usr/bin/make "cmTryCompileExec2733677586/fast"
/usr/bin/make -f CMakeFiles/cmTryCompileExec2733677586.dir/build.make CMakeFiles/cmTryCompileExec2733677586.dir/build
make[1]: Entering directory '/home/parttimenerd/Code/lang/vm/build/CMakeFiles/CMakeTmp'
/usr/bin/cmake -E cmake_progress_report /home/parttimenerd/Code/lang/vm/build/CMakeFiles/CMakeTmp/CMakeFiles 1
Building C object CMakeFiles/cmTryCompileExec2733677586.dir/testCCompiler.c.o
/usr/bin/clang    -o CMakeFiles/cmTryCompileExec2733677586.dir/testCCompiler.c.o   -c /home/parttimenerd/Code/lang/vm/build/CMakeFiles/CMakeTmp/testCCompiler.c
Linking C executable cmTryCompileExec2733677586
/usr/bin/cmake -E cmake_link_script CMakeFiles/cmTryCompileExec2733677586.dir/link.txt --verbose=1
/usr/bin/clang       CMakeFiles/cmTryCompileExec2733677586.dir/testCCompiler.c.o  -o cmTryCompileExec2733677586 -rdynamic 
make[1]: Leaving directory '/home/parttimenerd/Code/lang/vm/build/CMakeFiles/CMakeTmp'


Detecting C compiler ABI info compiled with the following output:
Change Dir: /home/parttimenerd/Code/lang/vm/build/CMakeFiles/CMakeTmp

Run Build Command:/usr/bin/make "cmTryCompileExec3735471894/fast"
/usr/bin/make -f CMakeFiles/cmTryCompileExec3735471894.dir/build.make CMakeFiles/cmTryCompileExec3735471894.dir/build
make[1]: Entering directory '/home/parttimenerd/Code/lang/vm/build/CMakeFiles/CMakeTmp'
/usr/bin/cmake -E cmake_progress_report /home/parttimenerd/Code/lang/vm/build/CMakeFiles/CMakeTmp/CMakeFiles 1
Building C object CMakeFiles/cmTryCompileExec3735471894.dir/CMakeCCompilerABI.c.o
/usr/bin/clang    -o CMakeFiles/cmTryCompileExec3735471894.dir/CMakeCCompilerABI.c.o   -c /usr/share/cmake-2.8/Modules/CMakeCCompilerABI.c
Linking C executable cmTryCompileExec3735471894
/usr/bin/cmake -E cmake_link_script CMakeFiles/cmTryCompileExec3735471894.dir/link.txt --verbose=1
/usr/bin/clang     -v CMakeFiles/cmTryCompileExec3735471894.dir/CMakeCCompilerABI.c.o  -o cmTryCompileExec3735471894 -rdynamic  
Ubuntu clang version 3.5.0-4ubuntu2 (tags/RELEASE_350/final) (based on LLVM 3.5.0)
Target: x86_64-pc-linux-gnu
Thread model: posix
Found candidate GCC installation: /usr/bin/../lib/gcc/i686-linux-gnu/4.9
Found candidate GCC installation: /usr/bin/../lib/gcc/i686-linux-gnu/4.9.1
Found candidate GCC installation: /usr/bin/../lib/gcc/x86_64-linux-gnu/4.8
Found candidate GCC installation: /usr/bin/../lib/gcc/x86_64-linux-gnu/4.8.3
Found candidate GCC installation: /usr/bin/../lib/gcc/x86_64-linux-gnu/4.9
Found candidate GCC installation: /usr/bin/../lib/gcc/x86_64-linux-gnu/4.9.1
Found candidate GCC installation: /usr/lib/gcc/i686-linux-gnu/4.9
Found candidate GCC installation: /usr/lib/gcc/i686-linux-gnu/4.9.1
Found candidate GCC installation: /usr/lib/gcc/x86_64-linux-gnu/4.8
Found candidate GCC installation: /usr/lib/gcc/x86_64-linux-gnu/4.8.3
Found candidate GCC installation: /usr/lib/gcc/x86_64-linux-gnu/4.9
Found candidate GCC installation: /usr/lib/gcc/x86_64-linux-gnu/4.9.1
Selected GCC installation: /usr/bin/../lib/gcc/x86_64-linux-gnu/4.9
Candidate multilib: .;@m64
Selected multilib: .;@m64
 "/usr/bin/ld" -export-dynamic --eh-frame-hdr -m elf_x86_64 -dynamic-linker /lib64/ld-linux-x86-64.so.2 -o cmTryCompileExec3735471894 /usr/bin/../lib/gcc/x86_64-linux-gnu/4.9/../../../x86_64-linux-gnu/crt1.o /usr/bin/../lib/gcc/x86_64-linux-gnu/4.9/../../../x86_64-linux-gnu/crti.o /usr/bin/../lib/gcc/x86_64-linux-gnu/4.9/crtbegin.o -L/usr/bin/../lib/gcc/x86_64-linux-gnu/4.9 -L/usr/bin/../lib/gcc/x86_64-linux-gnu/4.9/../../../x86_64-linux-gnu -L/lib/x86_64-linux-gnu -L/lib/../lib64 -L/usr/lib/x86_64-linux-gnu -L/usr/bin/../lib/gcc/x86_64-linux-gnu/4.9/../../.. -L/usr/lib/llvm-3.5/bin/../lib -L/lib -L/usr/lib CMakeFiles/cmTryCompileExec3735471894.dir/CMakeCCompilerABI.c.o -lgcc --as-needed -lgcc_s --no-as-needed -lc -lgcc --as-needed -lgcc_s --no-as-needed /usr/bin/../lib/gcc/x86_64-linux-gnu/4.9/crtend.o /usr/bin/../lib/gcc/x86_64-linux-gnu/4.9/../../../x86_64-linux-gnu/crtn.o
make[1]: Leaving directory '/home/parttimenerd/Code/lang/vm/build/CMakeFiles/CMakeTmp'


Parsed C implicit link information from above output:
  link line regex: [^( *|.*[/\])(ld|([^/\]+-)?ld|collect2)[^/\]*( |$)]
  ignore line: [Change Dir: /home/parttimenerd/Code/lang/vm/build/CMakeFiles/CMakeTmp]
  ignore line: []
  ignore line: [Run Build Command:/usr/bin/make "cmTryCompileExec3735471894/fast"]
  ignore line: [/usr/bin/make -f CMakeFiles/cmTryCompileExec3735471894.dir/build.make CMakeFiles/cmTryCompileExec3735471894.dir/build]
  ignore line: [make[1]: Entering directory '/home/parttimenerd/Code/lang/vm/build/CMakeFiles/CMakeTmp']
  ignore line: [/usr/bin/cmake -E cmake_progress_report /home/parttimenerd/Code/lang/vm/build/CMakeFiles/CMakeTmp/CMakeFiles 1]
  ignore line: [Building C object CMakeFiles/cmTryCompileExec3735471894.dir/CMakeCCompilerABI.c.o]
  ignore line: [/usr/bin/clang    -o CMakeFiles/cmTryCompileExec3735471894.dir/CMakeCCompilerABI.c.o   -c /usr/share/cmake-2.8/Modules/CMakeCCompilerABI.c]
  ignore line: [Linking C executable cmTryCompileExec3735471894]
  ignore line: [/usr/bin/cmake -E cmake_link_script CMakeFiles/cmTryCompileExec3735471894.dir/link.txt --verbose=1]
  ignore line: [/usr/bin/clang     -v CMakeFiles/cmTryCompileExec3735471894.dir/CMakeCCompilerABI.c.o  -o cmTryCompileExec3735471894 -rdynamic  ]
  ignore line: [Ubuntu clang version 3.5.0-4ubuntu2 (tags/RELEASE_350/final) (based on LLVM 3.5.0)]
  ignore line: [Target: x86_64-pc-linux-gnu]
  ignore line: [Thread model: posix]
  ignore line: [Found candidate GCC installation: /usr/bin/../lib/gcc/i686-linux-gnu/4.9]
  ignore line: [Found candidate GCC installation: /usr/bin/../lib/gcc/i686-linux-gnu/4.9.1]
  ignore line: [Found candidate GCC installation: /usr/bin/../lib/gcc/x86_64-linux-gnu/4.8]
  ignore line: [Found candidate GCC installation: /usr/bin/../lib/gcc/x86_64-linux-gnu/4.8.3]
  ignore line: [Found candidate GCC installation: /usr/bin/../lib/gcc/x86_64-linux-gnu/4.9]
  ignore line: [Found candidate GCC installation: /usr/bin/../lib/gcc/x86_64-linux-gnu/4.9.1]
  ignore line: [Found candidate GCC installation: /usr/lib/gcc/i686-linux-gnu/4.9]
  ignore line: [Found candidate GCC installation: /usr/lib/gcc/i686-linux-gnu/4.9.1]
  ignore line: [Found candidate GCC installation: /usr/lib/gcc/x86_64-linux-gnu/4.8]
  ignore line: [Found candidate GCC installation: /usr/lib/gcc/x86_64-linux-gnu/4.8.3]
  ignore line: [Found candidate GCC installation: /usr/lib/gcc/x86_64-linux-gnu/4.9]
  ignore line: [Found candidate GCC installation: /usr/lib/gcc/x86_64-linux-gnu/4.9.1]
  ignore line: [Selected GCC installation: /usr/bin/../lib/gcc/x86_64-linux-gnu/4.9]
  ignore line: [Candidate multilib: .]
  ignore line: [@m64]
  ignore line: [Selected multilib: .]
  ignore line: [@m64]
  link line: [ "/usr/bin/ld" -export-dynamic --eh-frame-hdr -m elf_x86_64 -dynamic-linker /lib64/ld-linux-x86-64.so.2 -o cmTryCompileExec3735471894 /usr/bin/../lib/gcc/x86_64-linux-gnu/4.9/../../../x86_64-linux-gnu/crt1.o /usr/bin/../lib/gcc/x86_64-linux-gnu/4.9/../../../x86_64-linux-gnu/crti.o /usr/bin/../lib/gcc/x86_64-linux-gnu/4.9/crtbegin.o -L/usr/bin/../lib/gcc/x86_64-linux-gnu/4.9 -L/usr/bin/../lib/gcc/x86_64-linux-gnu/4.9/../../../x86_64-linux-gnu -L/lib/x86_64-linux-gnu -L/lib/../lib64 -L/usr/lib/x86_64-linux-gnu -L/usr/bin/../lib/gcc/x86_64-linux-gnu/4.9/../../.. -L/usr/lib/llvm-3.5/bin/../lib -L/lib -L/usr/lib CMakeFiles/cmTryCompileExec3735471894.dir/CMakeCCompilerABI.c.o -lgcc --as-needed -lgcc_s --no-as-needed -lc -lgcc --as-needed -lgcc_s --no-as-needed /usr/bin/../lib/gcc/x86_64-linux-gnu/4.9/crtend.o /usr/bin/../lib/gcc/x86_64-linux-gnu/4.9/../../../x86_64-linux-gnu/crtn.o]
    arg [/usr/bin/ld] ==> ignore
    arg [-export-dynamic] ==> ignore
    arg [--eh-frame-hdr] ==> ignore
    arg [-m] ==> ignore
    arg [elf_x86_64] ==> ignore
    arg [-dynamic-linker] ==> ignore
    arg [/lib64/ld-linux-x86-64.so.2] ==> ignore
    arg [-o] ==> ignore
    arg [cmTryCompileExec3735471894] ==> ignore
    arg [/usr/bin/../lib/gcc/x86_64-linux-gnu/4.9/../../../x86_64-linux-gnu/crt1.o] ==> ignore
    arg [/usr/bin/../lib/gcc/x86_64-linux-gnu/4.9/../../../x86_64-linux-gnu/crti.o] ==> ignore
    arg [/usr/bin/../lib/gcc/x86_64-linux-gnu/4.9/crtbegin.o] ==> ignore
    arg [-L/usr/bin/../lib/gcc/x86_64-linux-gnu/4.9] ==> dir [/usr/bin/../lib/gcc/x86_64-linux-gnu/4.9]
    arg [-L/usr/bin/../lib/gcc/x86_64-linux-gnu/4.9/../../../x86_64-linux-gnu] ==> dir [/usr/bin/../lib/gcc/x86_64-linux-gnu/4.9/../../../x86_64-linux-gnu]
    arg [-L/lib/x86_64-linux-gnu] ==> dir [/lib/x86_64-linux-gnu]
    arg [-L/lib/../lib64] ==> dir [/lib/../lib64]
    arg [-L/usr/lib/x86_64-linux-gnu] ==> dir [/usr/lib/x86_64-linux-gnu]
    arg [-L/usr/bin/../lib/gcc/x86_64-linux-gnu/4.9/../../..] ==> dir [/usr/bin/../lib/gcc/x86_64-linux-gnu/4.9/../../..]
    arg [-L/usr/lib/llvm-3.5/bin/../lib] ==> dir [/usr/lib/llvm-3.5/bin/../lib]
    arg [-L/lib] ==> dir [/lib]
    arg [-L/usr/lib] ==> dir [/usr/lib]
    arg [CMakeFiles/cmTryCompileExec3735471894.dir/CMakeCCompilerABI.c.o] ==> ignore
    arg [-lgcc] ==> lib [gcc]
    arg [--as-needed] ==> ignore
    arg [-lgcc_s] ==> lib [gcc_s]
    arg [--no-as-needed] ==> ignore
    arg [-lc] ==> lib [c]
    arg [-lgcc] ==> lib [gcc]
    arg [--as-needed] ==> ignore
    arg [-lgcc_s] ==> lib [gcc_s]
    arg [--no-as-needed] ==> ignore
    arg [/usr/bin/../lib/gcc/x86_64-linux-gnu/4.9/crtend.o] ==> ignore
    arg [/usr/bin/../lib/gcc/x86_64-linux-gnu/4.9/../../../x86_64-linux-gnu/crtn.o] ==> ignore
  remove lib [gcc]
  remove lib [gcc_s]
  remove lib [gcc]
  remove lib [gcc_s]
  collapse library dir [/usr/bin/../lib/gcc/x86_64-linux-gnu/4.9] ==> [/usr/lib/gcc/x86_64-linux-gnu/4.9]
  collapse library dir [/usr/bin/../lib/gcc/x86_64-linux-gnu/4.9/../../../x86_64-linux-gnu] ==> [/usr/lib/x86_64-linux-gnu]
  collapse library dir [/lib/x86_64-linux-gnu] ==> [/lib/x86_64-linux-gnu]
  collapse library dir [/lib/../lib64] ==> [/lib64]
  collapse library dir [/usr/lib/x86_64-linux-gnu] ==> [/usr/lib/x86_64-linux-gnu]
  collapse library dir [/usr/bin/../lib/gcc/x86_64-linux-gnu/4.9/../../..] ==> [/usr/lib]
  collapse library dir [/usr/lib/llvm-3.5/bin/../lib] ==> [/usr/lib/llvm-3.5/lib]
  collapse library dir [/lib] ==> [/lib]
  collapse library dir [/usr/lib] ==> [/usr/lib]
  implicit libs: [c]
  implicit dirs: [/usr/lib/gcc/x86_64-linux-gnu/4.9;/usr/lib/x86_64-linux-gnu;/lib/x86_64-linux-gnu;/lib64;/usr/lib;/usr/lib/llvm-3.5/lib;/lib]
  implicit fwks: []


Determining if the CXX compiler works passed with the following output:
Change Dir: /home/parttimenerd/Code/lang/vm/build/CMakeFiles/CMakeTmp

Run Build Command:/usr/bin/make "cmTryCompileExec2016963024/fast"
/usr/bin/make -f CMakeFiles/cmTryCompileExec2016963024.dir/build.make CMakeFiles/cmTryCompileExec2016963024.dir/build
make[1]: Entering directory '/home/parttimenerd/Code/lang/vm/build/CMakeFiles/CMakeTmp'
/usr/bin/cmake -E cmake_progress_report /home/parttimenerd/Code/lang/vm/build/CMakeFiles/CMakeTmp/CMakeFiles 1
Building CXX object CMakeFiles/cmTryCompileExec2016963024.dir/testCXXCompiler.cxx.o
/usr/bin/clang++     -o CMakeFiles/cmTryCompileExec2016963024.dir/testCXXCompiler.cxx.o -c /home/parttimenerd/Code/lang/vm/build/CMakeFiles/CMakeTmp/testCXXCompiler.cxx
Linking CXX executable cmTryCompileExec2016963024
/usr/bin/cmake -E cmake_link_script CMakeFiles/cmTryCompileExec2016963024.dir/link.txt --verbose=1
/usr/bin/clang++        CMakeFiles/cmTryCompileExec2016963024.dir/testCXXCompiler.cxx.o  -o cmTryCompileExec2016963024 -rdynamic 
make[1]: Leaving directory '/home/parttimenerd/Code/lang/vm/build/CMakeFiles/CMakeTmp'


Detecting CXX compiler ABI info compiled with the following output:
Change Dir: /home/parttimenerd/Code/lang/vm/build/CMakeFiles/CMakeTmp

Run Build Command:/usr/bin/make "cmTryCompileExec70112867/fast"
/usr/bin/make -f CMakeFiles/cmTryCompileExec70112867.dir/build.make CMakeFiles/cmTryCompileExec70112867.dir/build
make[1]: Entering directory '/home/parttimenerd/Code/lang/vm/build/CMakeFiles/CMakeTmp'
/usr/bin/cmake -E cmake_progress_report /home/parttimenerd/Code/lang/vm/build/CMakeFiles/CMakeTmp/CMakeFiles 1
Building CXX object CMakeFiles/cmTryCompileExec70112867.dir/CMakeCXXCompilerABI.cpp.o
/usr/bin/clang++     -o CMakeFiles/cmTryCompileExec70112867.dir/CMakeCXXCompilerABI.cpp.o -c /usr/share/cmake-2.8/Modules/CMakeCXXCompilerABI.cpp
Linking CXX executable cmTryCompileExec70112867
/usr/bin/cmake -E cmake_link_script CMakeFiles/cmTryCompileExec70112867.dir/link.txt --verbose=1
/usr/bin/clang++      -v CMakeFiles/cmTryCompileExec70112867.dir/CMakeCXXCompilerABI.cpp.o  -o cmTryCompileExec70112867 -rdynamic  
Ubuntu clang version 3.5.0-4ubuntu2 (tags/RELEASE_350/final) (based on LLVM 3.5.0)
Target: x86_64-pc-linux-gnu
Thread model: posix
Found candidate GCC installation: /usr/bin/../lib/gcc/i686-linux-gnu/4.9
Found candidate GCC installation: /usr/bin/../lib/gcc/i686-linux-gnu/4.9.1
Found candidate GCC installation: /usr/bin/../lib/gcc/x86_64-linux-gnu/4.8
Found candidate GCC installation: /usr/bin/../lib/gcc/x86_64-linux-gnu/4.8.3
Found candidate GCC installation: /usr/bin/../lib/gcc/x86_64-linux-gnu/4.9
Found candidate GCC installation: /usr/bin/../lib/gcc/x86_64-linux-gnu/4.9.1
Found candidate GCC installation: /usr/lib/gcc/i686-linux-gnu/4.9
Found candidate GCC installation: /usr/lib/gcc/i686-linux-gnu/4.9.1
Found candidate GCC installation: /usr/lib/gcc/x86_64-linux-gnu/4.8
Found candidate GCC installation: /usr/lib/gcc/x86_64-linux-gnu/4.8.3
Found candidate GCC installation: /usr/lib/gcc/x86_64-linux-gnu/4.9
Found candidate GCC installation: /usr/lib/gcc/x86_64-linux-gnu/4.9.1
Selected GCC installation: /usr/bin/../lib/gcc/x86_64-linux-gnu/4.9
Candidate multilib: .;@m64
Selected multilib: .;@m64
 "/usr/bin/ld" -export-dynamic --eh-frame-hdr -m elf_x86_64 -dynamic-linker /lib64/ld-linux-x86-64.so.2 -o cmTryCompileExec70112867 /usr/bin/../lib/gcc/x86_64-linux-gnu/4.9/../../../x86_64-linux-gnu/crt1.o /usr/bin/../lib/gcc/x86_64-linux-gnu/4.9/../../../x86_64-linux-gnu/crti.o /usr/bin/../lib/gcc/x86_64-linux-gnu/4.9/crtbegin.o -L/usr/bin/../lib/gcc/x86_64-linux-gnu/4.9 -L/usr/bin/../lib/gcc/x86_64-linux-gnu/4.9/../../../x86_64-linux-gnu -L/lib/x86_64-linux-gnu -L/lib/../lib64 -L/usr/lib/x86_64-linux-gnu -L/usr/bin/../lib/gcc/x86_64-linux-gnu/4.9/../../.. -L/usr/lib/llvm-3.5/bin/../lib -L/lib -L/usr/lib CMakeFiles/cmTryCompileExec70112867.dir/CMakeCXXCompilerABI.cpp.o -lstdc++ -lm -lgcc_s -lgcc -lc -lgcc_s -lgcc /usr/bin/../lib/gcc/x86_64-linux-gnu/4.9/crtend.o /usr/bin/../lib/gcc/x86_64-linux-gnu/4.9/../../../x86_64-linux-gnu/crtn.o
make[1]: Leaving directory '/home/parttimenerd/Code/lang/vm/build/CMakeFiles/CMakeTmp'


Parsed CXX implicit link information from above output:
  link line regex: [^( *|.*[/\])(ld|([^/\]+-)?ld|collect2)[^/\]*( |$)]
  ignore line: [Change Dir: /home/parttimenerd/Code/lang/vm/build/CMakeFiles/CMakeTmp]
  ignore line: []
  ignore line: [Run Build Command:/usr/bin/make "cmTryCompileExec70112867/fast"]
  ignore line: [/usr/bin/make -f CMakeFiles/cmTryCompileExec70112867.dir/build.make CMakeFiles/cmTryCompileExec70112867.dir/build]
  ignore line: [make[1]: Entering directory '/home/parttimenerd/Code/lang/vm/build/CMakeFiles/CMakeTmp']
  ignore line: [/usr/bin/cmake -E cmake_progress_report /home/parttimenerd/Code/lang/vm/build/CMakeFiles/CMakeTmp/CMakeFiles 1]
  ignore line: [Building CXX object CMakeFiles/cmTryCompileExec70112867.dir/CMakeCXXCompilerABI.cpp.o]
  ignore line: [/usr/bin/clang++     -o CMakeFiles/cmTryCompileExec70112867.dir/CMakeCXXCompilerABI.cpp.o -c /usr/share/cmake-2.8/Modules/CMakeCXXCompilerABI.cpp]
  ignore line: [Linking CXX executable cmTryCompileExec70112867]
  ignore line: [/usr/bin/cmake -E cmake_link_script CMakeFiles/cmTryCompileExec70112867.dir/link.txt --verbose=1]
  ignore line: [/usr/bin/clang++      -v CMakeFiles/cmTryCompileExec70112867.dir/CMakeCXXCompilerABI.cpp.o  -o cmTryCompileExec70112867 -rdynamic  ]
  ignore line: [Ubuntu clang version 3.5.0-4ubuntu2 (tags/RELEASE_350/final) (based on LLVM 3.5.0)]
  ignore line: [Target: x86_64-pc-linux-gnu]
  ignore line: [Thread model: posix]
  ignore line: [Found candidate GCC installation: /usr/bin/../lib/gcc/i686-linux-gnu/4.9]
  ignore line: [Found candidate GCC installation: /usr/bin/../lib/gcc/i686-linux-gnu/4.9.1]
  ignore line: [Found candidate GCC installation: /usr/bin/../lib/gcc/x86_64-linux-gnu/4.8]
  ignore line: [Found candidate GCC installation: /usr/bin/../lib/gcc/x86_64-linux-gnu/4.8.3]
  ignore line: [Found candidate GCC installation: /usr/bin/../lib/gcc/x86_64-linux-gnu/4.9]
  ignore line: [Found candidate GCC installation: /usr/bin/../lib/gcc/x86_64-linux-gnu/4.9.1]
  ignore line: [Found candidate GCC installation: /usr/lib/gcc/i686-linux-gnu/4.9]
  ignore line: [Found candidate GCC installation: /usr/lib/gcc/i686-linux-gnu/4.9.1]
  ignore line: [Found candidate GCC installation: /usr/lib/gcc/x86_64-linux-gnu/4.8]
  ignore line: [Found candidate GCC installation: /usr/lib/gcc/x86_64-linux-gnu/4.8.3]
  ignore line: [Found candidate GCC installation: /usr/lib/gcc/x86_64-linux-gnu/4.9]
  ignore line: [Found candidate GCC installation: /usr/lib/gcc/x86_64-linux-gnu/4.9.1]
  ignore line: [Selected GCC installation: /usr/bin/../lib/gcc/x86_64-linux-gnu/4.9]
  ignore line: [Candidate multilib: .]
  ignore line: [@m64]
  ignore line: [Selected multilib: .]
  ignore line: [@m64]
  link line: [ "/usr/bin/ld" -export-dynamic --eh-frame-hdr -m elf_x86_64 -dynamic-linker /lib64/ld-linux-x86-64.so.2 -o cmTryCompileExec70112867 /usr/bin/../lib/gcc/x86_64-linux-gnu/4.9/../../../x86_64-linux-gnu/crt1.o /usr/bin/../lib/gcc/x86_64-linux-gnu/4.9/../../../x86_64-linux-gnu/crti.o /usr/bin/../lib/gcc/x86_64-linux-gnu/4.9/crtbegin.o -L/usr/bin/../lib/gcc/x86_64-linux-gnu/4.9 -L/usr/bin/../lib/gcc/x86_64-linux-gnu/4.9/../../../x86_64-linux-gnu -L/lib/x86_64-linux-gnu -L/lib/../lib64 -L/usr/lib/x86_64-linux-gnu -L/usr/bin/../lib/gcc/x86_64-linux-gnu/4.9/../../.. -L/usr/lib/llvm-3.5/bin/../lib -L/lib -L/usr/lib CMakeFiles/cmTryCompileExec70112867.dir/CMakeCXXCompilerABI.cpp.o -lstdc++ -lm -lgcc_s -lgcc -lc -lgcc_s -lgcc /usr/bin/../lib/gcc/x86_64-linux-gnu/4.9/crtend.o /usr/bin/../lib/gcc/x86_64-linux-gnu/4.9/../../../x86_64-linux-gnu/crtn.o]
    arg [/usr/bin/ld] ==> ignore
    arg [-export-dynamic] ==> ignore
    arg [--eh-frame-hdr] ==> ignore
    arg [-m] ==> ignore
    arg [elf_x86_64] ==> ignore
    arg [-dynamic-linker] ==> ignore
    arg [/lib64/ld-linux-x86-64.so.2] ==> ignore
    arg [-o] ==> ignore
    arg [cmTryCompileExec70112867] ==> ignore
    arg [/usr/bin/../lib/gcc/x86_64-linux-gnu/4.9/../../../x86_64-linux-gnu/crt1.o] ==> ignore
    arg [/usr/bin/../lib/gcc/x86_64-linux-gnu/4.9/../../../x86_64-linux-gnu/crti.o] ==> ignore
    arg [/usr/bin/../lib/gcc/x86_64-linux-gnu/4.9/crtbegin.o] ==> ignore
    arg [-L/usr/bin/../lib/gcc/x86_64-linux-gnu/4.9] ==> dir [/usr/bin/../lib/gcc/x86_64-linux-gnu/4.9]
    arg [-L/usr/bin/../lib/gcc/x86_64-linux-gnu/4.9/../../../x86_64-linux-gnu] ==> dir [/usr/bin/../lib/gcc/x86_64-linux-gnu/4.9/../../../x86_64-linux-gnu]
    arg [-L/lib/x86_64-linux-gnu] ==> dir [/lib/x86_64-linux-gnu]
    arg [-L/lib/../lib64] ==> dir [/lib/../lib64]
    arg [-L/usr/lib/x86_64-linux-gnu] ==> dir [/usr/lib/x86_64-linux-gnu]
    arg [-L/usr/bin/../lib/gcc/x86_64-linux-gnu/4.9/../../..] ==> dir [/usr/bin/../lib/gcc/x86_64-linux-gnu/4.9/../../..]
    arg [-L/usr/lib/llvm-3.5/bin/../lib] ==> dir [/usr/lib/llvm-3.5/bin/../lib]
    arg [-L/lib] ==> dir [/lib]
    arg [-L/usr/lib] ==> dir [/usr/lib]
    arg [CMakeFiles/cmTryCompileExec70112867.dir/CMakeCXXCompilerABI.cpp.o] ==> ignore
    arg [-lstdc++] ==> lib [stdc++]
    arg [-lm] ==> lib [m]
    arg [-lgcc_s] ==> lib [gcc_s]
    arg [-lgcc] ==> lib [gcc]
    arg [-lc] ==> lib [c]
    arg [-lgcc_s] ==> lib [gcc_s]
    arg [-lgcc] ==> lib [gcc]
    arg [/usr/bin/../lib/gcc/x86_64-linux-gnu/4.9/crtend.o] ==> ignore
    arg [/usr/bin/../lib/gcc/x86_64-linux-gnu/4.9/../../../x86_64-linux-gnu/crtn.o] ==> ignore
  remove lib [gcc_s]
  remove lib [gcc]
  remove lib [gcc_s]
  remove lib [gcc]
  collapse library dir [/usr/bin/../lib/gcc/x86_64-linux-gnu/4.9] ==> [/usr/lib/gcc/x86_64-linux-gnu/4.9]
  collapse library dir [/usr/bin/../lib/gcc/x86_64-linux-gnu/4.9/../../../x86_64-linux-gnu] ==> [/usr/lib/x86_64-linux-gnu]
  collapse library dir [/lib/x86_64-linux-gnu] ==> [/lib/x86_64-linux-gnu]
  collapse library dir [/lib/../lib64] ==> [/lib64]
  collapse library dir [/usr/lib/x86_64-linux-gnu] ==> [/usr/lib/x86_64-linux-gnu]
  collapse library dir [/usr/bin/../lib/gcc/x86_64-linux-gnu/4.9/../../..] ==> [/usr/lib]
  collapse library dir [/usr/lib/llvm-3.5/bin/../lib] ==> [/usr/lib/llvm-3.5/lib]
  collapse library dir [/lib] ==> [/lib]
  collapse library dir [/usr/lib] ==> [/usr/lib]
  implicit libs: [stdc++;m;c]
  implicit dirs: [/usr/lib/gcc/x86_64-linux-gnu/4.9;/usr/lib/x86_64-linux-gnu;/lib/x86_64-linux-gnu;/lib64;/usr/lib;/usr/lib/llvm-3.5/lib;/lib]
  implicit fwks: []


